2024-05-19 00:55:34.396114600 [DEBUG] <krypton_vm::v1:120>:Loading bytecode: [75, 114, 86, 1, 4, 84, 101, 115, 116, 70, 63, 243, 51, 51, 51, 51, 51, 51, 105, 0, 0, 0, 223, 45, 99, 0, 114, 67, 0, 1, 45, 0, 1, 0, 1]
2024-05-19 00:55:34.396814200 [DEBUG] <krypton_vm::v1:132>:IP: 24 | OP: 32
2024-05-19 00:56:15.342176900 [DEBUG] <krypton_vm::v1:131>:IP: 24 | OP: 0
2024-05-19 00:56:49.963519800 [DEBUG] <krypton_vm::v1:131>: IP: 24 | OP: 32
2024-05-19 00:57:30.727652400 [DEBUG] <krypton_vm::v1:131>: IP: 24 | OP: 99
2024-05-19 00:57:30.728037600 [DEBUG] <krypton_vm::v1:131>: IP: 26 | OP: 114
2024-05-19 00:58:05.011907400 [DEBUG] <krypton_vm::v1:131>: IP: 24 | OP: 99
2024-05-19 00:58:05.017153000 [DEBUG] <krypton_vm::v1:131>: IP: 26 | OP: 114
2024-05-19 00:58:59.284474600 [DEBUG] <krypton_vm::v1:131>: IP: 24 | OP: 99
2024-05-19 00:58:59.284675000 [DEBUG] <krypton_vm::v1:131>: IP: 26 | OP: 114
2024-05-19 00:59:31.554330500 [DEBUG] <krypton_vm::v1:131>: IP: 24 | OP: 99
2024-05-19 00:59:31.554568800 [DEBUG] <krypton_vm::v1:131>: IP: 26 | OP: 114
2024-05-19 00:59:35.096926300 [DEBUG] <krypton_vm::v1:131>: IP: 24 | OP: 99
2024-05-19 00:59:35.097144700 [DEBUG] <krypton_vm::v1:131>: IP: 26 | OP: 114
2024-05-19 00:59:37.619056300 [DEBUG] <krypton_vm::v1:131>: IP: 24 | OP: 99
2024-05-19 00:59:37.619259700 [DEBUG] <krypton_vm::v1:131>: IP: 26 | OP: 114
2024-05-19 00:59:39.001164800 [DEBUG] <krypton_vm::v1:131>: IP: 24 | OP: 99
2024-05-19 00:59:39.001374600 [DEBUG] <krypton_vm::v1:131>: IP: 26 | OP: 114
2024-05-19 00:59:40.275114200 [DEBUG] <krypton_vm::v1:131>: IP: 24 | OP: 99
2024-05-19 00:59:40.275321400 [DEBUG] <krypton_vm::v1:131>: IP: 26 | OP: 114
2024-05-19 00:59:41.351758000 [DEBUG] <krypton_vm::v1:131>: IP: 24 | OP: 99
2024-05-19 00:59:41.352000900 [DEBUG] <krypton_vm::v1:131>: IP: 26 | OP: 114
2024-05-19 00:59:42.259280700 [DEBUG] <krypton_vm::v1:131>: IP: 24 | OP: 99
2024-05-19 00:59:42.259496100 [DEBUG] <krypton_vm::v1:131>: IP: 26 | OP: 114
2024-05-19 00:59:43.126421900 [DEBUG] <krypton_vm::v1:131>: IP: 24 | OP: 99
2024-05-19 00:59:43.126630900 [DEBUG] <krypton_vm::v1:131>: IP: 26 | OP: 114
2024-05-19 00:59:44.025744700 [DEBUG] <krypton_vm::v1:131>: IP: 24 | OP: 99
2024-05-19 00:59:44.025958200 [DEBUG] <krypton_vm::v1:131>: IP: 26 | OP: 114
2024-05-19 00:59:44.801043300 [DEBUG] <krypton_vm::v1:131>: IP: 24 | OP: 99
2024-05-19 00:59:44.801263600 [DEBUG] <krypton_vm::v1:131>: IP: 26 | OP: 114
2024-05-19 00:59:45.749870300 [DEBUG] <krypton_vm::v1:131>: IP: 24 | OP: 99
2024-05-19 00:59:45.750083400 [DEBUG] <krypton_vm::v1:131>: IP: 26 | OP: 114
2024-05-19 00:59:48.557112400 [DEBUG] <krypton_vm::v1:131>: IP: 24 | OP: 99
2024-05-19 00:59:48.557351900 [DEBUG] <krypton_vm::v1:131>: IP: 26 | OP: 114
2024-05-19 01:13:37.948515800 [DEBUG] <krypton_vm::v1:131>: IP: 24 | OP: 99
2024-05-19 01:13:37.948996500 [DEBUG] <krypton_vm::v1:131>: IP: 26 | OP: 114
2024-05-19 01:13:47.879478600 [DEBUG] <krypton_vm::v1:131>: IP: 24 | OP: 99
2024-05-19 01:13:47.879808500 [DEBUG] <krypton_vm::v1:131>: IP: 26 | OP: 114
2024-05-19 01:13:51.040479100 [DEBUG] <krypton_vm::v1:131>: IP: 24 | OP: 99
2024-05-19 01:13:51.040737800 [DEBUG] <krypton_vm::v1:131>: IP: 26 | OP: 114
2024-05-19 01:13:52.334719400 [DEBUG] <krypton_vm::v1:131>: IP: 24 | OP: 99
2024-05-19 01:13:52.334965900 [DEBUG] <krypton_vm::v1:131>: IP: 26 | OP: 114
2024-05-19 01:13:53.238512200 [DEBUG] <krypton_vm::v1:131>: IP: 24 | OP: 99
2024-05-19 01:13:53.238803400 [DEBUG] <krypton_vm::v1:131>: IP: 26 | OP: 114
2024-05-19 01:13:54.042042900 [DEBUG] <krypton_vm::v1:131>: IP: 24 | OP: 99
2024-05-19 01:13:54.042305200 [DEBUG] <krypton_vm::v1:131>: IP: 26 | OP: 114
2024-05-19 01:13:54.814079200 [DEBUG] <krypton_vm::v1:131>: IP: 24 | OP: 99
2024-05-19 01:13:54.814421600 [DEBUG] <krypton_vm::v1:131>: IP: 26 | OP: 114
2024-05-19 01:13:55.704892700 [DEBUG] <krypton_vm::v1:131>: IP: 24 | OP: 99
2024-05-19 01:13:55.705157400 [DEBUG] <krypton_vm::v1:131>: IP: 26 | OP: 114
2024-05-19 01:13:58.121054200 [DEBUG] <krypton_vm::v1:131>: IP: 24 | OP: 99
2024-05-19 01:13:58.121362100 [DEBUG] <krypton_vm::v1:131>: IP: 26 | OP: 114
2024-05-19 01:14:00.858963900 [DEBUG] <krypton_vm::v1:131>: IP: 24 | OP: 99
2024-05-19 01:14:00.859198800 [DEBUG] <krypton_vm::v1:131>: IP: 26 | OP: 114
2024-05-19 01:14:02.303590300 [DEBUG] <krypton_vm::v1:131>: IP: 24 | OP: 99
2024-05-19 01:14:02.303828700 [DEBUG] <krypton_vm::v1:131>: IP: 26 | OP: 114
2024-05-19 01:14:03.415693000 [DEBUG] <krypton_vm::v1:131>: IP: 24 | OP: 99
2024-05-19 01:14:03.415969000 [DEBUG] <krypton_vm::v1:131>: IP: 26 | OP: 114
2024-05-19 01:14:04.301589700 [DEBUG] <krypton_vm::v1:131>: IP: 24 | OP: 99
2024-05-19 01:14:04.301870500 [DEBUG] <krypton_vm::v1:131>: IP: 26 | OP: 114
2024-05-19 01:14:05.436578100 [DEBUG] <krypton_vm::v1:131>: IP: 24 | OP: 99
2024-05-19 01:14:05.436833000 [DEBUG] <krypton_vm::v1:131>: IP: 26 | OP: 114
2024-05-19 01:14:06.636031300 [DEBUG] <krypton_vm::v1:131>: IP: 24 | OP: 99
2024-05-19 01:14:06.636314000 [DEBUG] <krypton_vm::v1:131>: IP: 26 | OP: 114
2024-05-19 01:14:07.350672200 [DEBUG] <krypton_vm::v1:131>: IP: 24 | OP: 99
2024-05-19 01:14:07.350944800 [DEBUG] <krypton_vm::v1:131>: IP: 26 | OP: 114
2024-05-19 01:14:08.043286800 [DEBUG] <krypton_vm::v1:131>: IP: 24 | OP: 99
2024-05-19 01:14:08.043592700 [DEBUG] <krypton_vm::v1:131>: IP: 26 | OP: 114
2024-05-19 01:14:08.683191900 [DEBUG] <krypton_vm::v1:131>: IP: 24 | OP: 99
2024-05-19 01:14:08.683453400 [DEBUG] <krypton_vm::v1:131>: IP: 26 | OP: 114
2024-05-19 01:14:09.380750300 [DEBUG] <krypton_vm::v1:131>: IP: 24 | OP: 99
2024-05-19 01:14:09.381016500 [DEBUG] <krypton_vm::v1:131>: IP: 26 | OP: 114
2024-05-19 01:14:10.359949800 [DEBUG] <krypton_vm::v1:131>: IP: 24 | OP: 99
2024-05-19 01:14:10.360218200 [DEBUG] <krypton_vm::v1:131>: IP: 26 | OP: 114
2024-05-19 01:14:11.228503700 [DEBUG] <krypton_vm::v1:131>: IP: 24 | OP: 99
2024-05-19 01:14:11.228875000 [DEBUG] <krypton_vm::v1:131>: IP: 26 | OP: 114
2024-05-19 01:14:11.941395300 [DEBUG] <krypton_vm::v1:131>: IP: 24 | OP: 99
2024-05-19 01:14:11.941671500 [DEBUG] <krypton_vm::v1:131>: IP: 26 | OP: 114
2024-05-19 01:14:13.550431500 [DEBUG] <krypton_vm::v1:131>: IP: 24 | OP: 99
2024-05-19 01:14:13.550838400 [DEBUG] <krypton_vm::v1:131>: IP: 26 | OP: 114
2024-05-19 01:14:17.870424900 [DEBUG] <krypton_vm::v1:131>: IP: 24 | OP: 99
2024-05-19 01:14:17.870803200 [DEBUG] <krypton_vm::v1:131>: IP: 26 | OP: 114
2024-05-19 01:14:19.613853500 [DEBUG] <krypton_vm::v1:131>: IP: 24 | OP: 99
2024-05-19 01:14:19.614072200 [DEBUG] <krypton_vm::v1:131>: IP: 26 | OP: 114
2024-05-19 01:14:22.860870300 [DEBUG] <krypton_vm::v1:131>: IP: 24 | OP: 99
2024-05-19 01:14:22.861086200 [DEBUG] <krypton_vm::v1:131>: IP: 26 | OP: 114
2024-05-19 01:14:24.671099800 [DEBUG] <krypton_vm::v1:131>: IP: 24 | OP: 99
2024-05-19 01:14:24.671426800 [DEBUG] <krypton_vm::v1:131>: IP: 26 | OP: 114
2024-05-19 01:14:26.246174300 [DEBUG] <krypton_vm::v1:131>: IP: 24 | OP: 99
2024-05-19 01:14:26.246388300 [DEBUG] <krypton_vm::v1:131>: IP: 26 | OP: 114
2024-05-19 01:14:27.441443000 [DEBUG] <krypton_vm::v1:131>: IP: 24 | OP: 99
2024-05-19 01:14:27.441664700 [DEBUG] <krypton_vm::v1:131>: IP: 26 | OP: 114
2024-05-19 01:14:28.663533400 [DEBUG] <krypton_vm::v1:131>: IP: 24 | OP: 99
2024-05-19 01:14:28.663872400 [DEBUG] <krypton_vm::v1:131>: IP: 26 | OP: 114
2024-05-19 01:14:30.458944700 [DEBUG] <krypton_vm::v1:131>: IP: 24 | OP: 99
2024-05-19 01:14:30.459195000 [DEBUG] <krypton_vm::v1:131>: IP: 26 | OP: 114
2024-05-19 01:14:51.185154100 [DEBUG] <krypton_vm::v1:131>: IP: 24 | OP: 99
2024-05-19 01:14:51.185673100 [DEBUG] <krypton_vm::v1:131>: IP: 26 | OP: 114
2024-05-19 01:14:56.510310300 [DEBUG] <krypton_vm::v1:131>: IP: 24 | OP: 99
2024-05-19 01:14:56.510730700 [DEBUG] <krypton_vm::v1:131>: IP: 26 | OP: 114
2024-05-19 01:14:58.435407100 [DEBUG] <krypton_vm::v1:131>: IP: 24 | OP: 99
2024-05-19 01:14:58.435644100 [DEBUG] <krypton_vm::v1:131>: IP: 26 | OP: 114
2024-05-19 01:15:00.396829100 [DEBUG] <krypton_vm::v1:131>: IP: 24 | OP: 99
2024-05-19 01:15:00.397063900 [DEBUG] <krypton_vm::v1:131>: IP: 26 | OP: 114
2024-05-19 01:15:40.638971000 [DEBUG] <krypton_vm::v1:131>: IP: 24 | OP: 99
2024-05-19 01:15:40.639228100 [DEBUG] <krypton_vm::v1:131>: IP: 26 | OP: 114
2024-05-19 01:15:41.679775800 [DEBUG] <krypton_vm::v1:131>: IP: 24 | OP: 99
2024-05-19 01:15:41.680011000 [DEBUG] <krypton_vm::v1:131>: IP: 26 | OP: 114
2024-05-19 01:15:43.056035100 [DEBUG] <krypton_vm::v1:131>: IP: 24 | OP: 99
2024-05-19 01:15:43.056291300 [DEBUG] <krypton_vm::v1:131>: IP: 26 | OP: 114
2024-05-19 01:15:43.970664100 [DEBUG] <krypton_vm::v1:131>: IP: 24 | OP: 99
2024-05-19 01:15:43.970954300 [DEBUG] <krypton_vm::v1:131>: IP: 26 | OP: 114
2024-05-19 09:49:11.262040500 [DEBUG] <krypton_vm::v1:130>:IP: 24
2024-05-19 11:01:00.367972500 [DEBUG] <krypton_vm::v1:130>:IP: 24
2024-05-19 11:01:00.368279400 [DEBUG] <krypton_vm::v1:132>: IP: 24 | OP: 99
2024-05-19 11:01:00.368527200 [DEBUG] <krypton_vm::v1:145>:Loading constant 8
2024-05-19 11:01:00.368763300 [DEBUG] <krypton_vm::v1:156>:Loading constant with offset 114
2024-05-19 11:06:06.194212700 [DEBUG] <krypton_vm::v1:130>:IP: 24
2024-05-19 11:06:06.194716100 [DEBUG] <krypton_vm::v1:132>: IP: 24 | OP: 99
2024-05-19 11:06:06.195118400 [DEBUG] <krypton_vm::v1:145>:Loading constant 8
2024-05-19 11:06:06.195490000 [DEBUG] <krypton_vm::v1:156>:Loading constant with offset 114
2024-05-19 11:06:06.195814600 [DEBUG] <krypton_vm::v1:158>: Value pointer: 0
2024-05-19 11:06:29.663636200 [DEBUG] <krypton_vm::v1:130>:IP: 24
2024-05-19 11:06:29.663885200 [DEBUG] <krypton_vm::v1:132>: IP: 24 | OP: 99
2024-05-19 11:06:29.664105100 [DEBUG] <krypton_vm::v1:145>:Loading constant 8
2024-05-19 11:06:29.664338800 [DEBUG] <krypton_vm::v1:156>:Loading constant with offset 114
2024-05-19 11:06:29.664554500 [DEBUG] <krypton_vm::v1:158>: Value pointer: 0
2024-05-19 11:07:34.230751800 [DEBUG] <krypton_vm::v1:130>:IP: 24
2024-05-19 11:07:34.231033900 [DEBUG] <krypton_vm::v1:132>: IP: 24 | OP: 99
2024-05-19 11:07:34.231240400 [DEBUG] <krypton_vm::v1:145>:Loading constant 8
2024-05-19 11:07:34.231443000 [DEBUG] <krypton_vm::v1:156>:Loading constant with offset 114
2024-05-19 11:07:34.231658700 [DEBUG] <krypton_vm::v1:158>: Value pointer: 0
2024-05-19 11:08:54.510369600 [DEBUG] <krypton_vm::v1:130>:IP: 24
2024-05-19 11:08:54.510688100 [DEBUG] <krypton_vm::v1:132>:IP: 24 | OP: 99
2024-05-19 11:08:54.510932700 [DEBUG] <krypton_vm::v1:145>:Loading constant 8
2024-05-19 11:08:54.511120600 [DEBUG] <krypton_vm::v1:156>:Loading constant with offset 114
2024-05-19 11:08:54.511306000 [DEBUG] <krypton_vm::v1:158>:Value pointer: 0
2024-05-19 11:09:49.193525800 [DEBUG] <krypton_vm::v1:130>:IP: 24
2024-05-19 11:09:49.193858800 [DEBUG] <krypton_vm::v1:132>:IP: 24 | OP: 99
2024-05-19 11:09:49.194104000 [DEBUG] <krypton_vm::v1:145>:Loading constant 8
2024-05-19 11:09:49.194428100 [DEBUG] <krypton_vm::v1:157>:Loading constant with offset 114
2024-05-19 11:09:49.194711600 [DEBUG] <krypton_vm::v1:159>:Value pointer: 0
2024-05-19 11:10:02.261371600 [DEBUG] <krypton_vm::v1:130>:IP: 24
2024-05-19 11:10:02.261673300 [DEBUG] <krypton_vm::v1:132>:IP: 24 | OP: 99
2024-05-19 11:10:02.261881400 [DEBUG] <krypton_vm::v1:145>:Loading constant 8
2024-05-19 11:10:02.262190200 [DEBUG] <krypton_vm::v1:156>:Loading constant with offset 67
2024-05-19 11:10:02.262460300 [DEBUG] <krypton_vm::v1:158>:Value pointer: 0
2024-05-19 11:10:35.401990400 [DEBUG] <krypton_vm::v1:130>:IP: 24
2024-05-19 11:10:35.402321500 [DEBUG] <krypton_vm::v1:132>:IP: 24 | OP: 99
2024-05-19 11:10:35.402535700 [DEBUG] <krypton_vm::v1:145>:Loading constant 8
2024-05-19 11:10:35.402752000 [DEBUG] <krypton_vm::v1:157>:Loading constant with offset 67
2024-05-19 11:10:35.402953700 [DEBUG] <krypton_vm::v1:159>:Value pointer: 0
2024-05-19 11:11:34.297040700 [DEBUG] <krypton_vm::v1:130>:IP: 24
2024-05-19 11:11:34.297335600 [DEBUG] <krypton_vm::v1:132>:IP: 24 | OP: 99
2024-05-19 11:11:34.297573200 [DEBUG] <krypton_vm::v1:145>:Loading constant 8
2024-05-19 11:11:34.297776300 [DEBUG] <krypton_vm::v1:157>:Loading constant with offset 0
2024-05-19 11:11:34.297970300 [DEBUG] <krypton_vm::v1:159>:Value pointer: 70
2024-05-19 11:11:34.298408600 [DEBUG] <krypton_vm::v1:130>:IP: 26
2024-05-19 11:11:34.298611900 [DEBUG] <krypton_vm::v1:132>:IP: 26 | OP: 114
2024-05-19 11:12:55.945752400 [DEBUG] <krypton_vm::v1:130>:IP: 24
2024-05-19 11:12:55.946216600 [DEBUG] <krypton_vm::v1:132>:IP: 24 | OP: 99
2024-05-19 11:12:55.946454700 [DEBUG] <krypton_vm::v1:145>:Loading constant 8
2024-05-19 11:12:55.946625600 [DEBUG] <krypton_vm::v1:156>:Loading constant with offset 0
2024-05-19 11:12:55.946979700 [DEBUG] <krypton_vm::v1:158>:Value pointer: 70
2024-05-19 11:12:55.949030200 [DEBUG] <krypton_vm::v1:164>:Loaded double constant: 0.00000000000000000000000000000000000000000000000000000000000004667261458438315
2024-05-19 11:12:55.949263900 [DEBUG] <krypton_vm::v1:130>:IP: 26
2024-05-19 11:12:55.949500500 [DEBUG] <krypton_vm::v1:132>:IP: 26 | OP: 114
2024-05-19 11:15:38.697405200 [DEBUG] <krypton_vm::v1:130>:IP: 24
2024-05-19 11:15:38.697699100 [DEBUG] <krypton_vm::v1:132>:IP: 24 | OP: 99
2024-05-19 11:15:38.698065700 [DEBUG] <krypton_vm::v1:145>:Loading constant 8
2024-05-19 11:15:38.698346500 [DEBUG] <krypton_vm::v1:156>:Loading constant with offset 0
2024-05-19 11:15:38.698564500 [DEBUG] <krypton_vm::v1:158>:Value pointer: 70
2024-05-19 11:15:38.698750500 [DEBUG] <krypton_vm::v1:164>:Loaded double constant: 0.00000000000000000000000000000000000000000000000000000000000004667261458438315
2024-05-19 11:15:38.698924000 [DEBUG] <krypton_vm::v1:130>:IP: 26
2024-05-19 11:15:38.699154100 [DEBUG] <krypton_vm::v1:132>:IP: 26 | OP: 114
